{
 "assumptions": {
  "chunks_declared": 1,
  "chunks_present": 1,
  "dirty": false,
  "timezone": "UTC (EVTX SystemTime is UTC)"
 },
 "counts": {
  "errors": 0,
  "events_emitted": 7,
  "records_read": 7,
  "skipped": 0
 },
 "error_samples": [],
 "events": [
  {
   "action": "connection",
   "cmdline": null,
   "dst_ip": "169.46.6.101",
   "dst_port": 3389,
   "event_category": "network",
   "event_code": "5152",
   "file_hash": null,
   "file_path": null,
   "host": "temporal",
   "id": "179fae5a-d5e3-57ec-8a98-23ae893d0696",
   "message": "Connection blocked: 23.94.153.202:59639 -> 169.46.6.101:3389 (tcp)",
   "outcome": "failure",
   "parser_name": "evtx",
   "parser_version": "1.0.0",
   "pid": null,
   "ppid": null,
   "process_name": null,
   "protocol": "tcp",
   "raw": {
    "event_data": {
     "Application": "-",
     "DestAddress": "169.46.6.101",
     "DestPort": "3389",
     "Direction": "%%14592",
     "FilterRTID": "67607",
     "LayerName": "%%14597",
     "LayerRTID": "13",
     "ProcessId": "0",
     "Protocol": "6",
     "SourceAddress": "23.94.153.202",
     "SourcePort": "59639"
    },
    "record_offset": 4608,
    "system": {
     "channel": "Security",
     "computer": "temporal",
     "event_id": "5152",
     "event_record_i_d": "319457771",
     "execution": {
      "ProcessID": "4",
      "ThreadID": "80"
     },
     "keywords": "0x8010000000000000",
     "level": "0",
     "opcode": "0",
     "provider": "Microsoft-Windows-Security-Auditing",
     "security_user_id": null,
     "task": "12809",
     "time_created": "2016-06-29 15:24:34.345999+00:00"
    },
    "xml": "<Event xmlns=\"http://schemas.microsoft.com/win/2004/08/events/event\"><System><Provider Name=\"Microsoft-Windows-Security-Auditing\" Guid=\"{54849625-5478-4994-a5ba-3e3b0328c30d}\"></Provider>\n<EventID Qualifiers=\"\">5152</EventID>\n<Version>0</Version>\n<Level>0</Level>\n<Task>12809</Task>\n<Opcode>0</Opcode>\n<Keywords>0x8010000000000000</Keywords>\n<TimeCreated SystemTime=\"2016-06-29 15:24:34.345999+00:00\"></TimeCreated>\n<EventRecordID>319457771</EventRecordID>\n<Correlation ActivityID=\"\" RelatedActivityID=\"\"></Correlation>\n<Execution ProcessID=\"4\" ThreadID=\"80\"></Execution>\n<Channel>Security</Channel>\n<Computer>temporal</Computer>\n<Security UserID=\"\"></Security>\n</System>\n<EventData><Data Name=\"ProcessId\">0</Data>\n<Data Name=\"Application\">-</Data>\n<Data Name=\"Direction\">%%14592</Data>\n<Data Name=\"SourceAddress\">23.94.153.202</Data>\n<Data Name=\"SourcePort\">59639</Data>\n<Data Name=\"DestAddress\">169.46.6.101</Data>\n<Data Name=\"DestPort\">3389</Data>\n<Data Name=\"Protocol\">6</Data>\n<Data Name=\"FilterRTID\">67607</Data>\n<Data Name=\"LayerName\">%%14597</Data>\n<Data Name=\"LayerRTID\">13</Data>\n</EventData>\n</Event>\n"
   },
   "registry_key": null,
   "source_file": "security_short_selected.evtx",
   "source_record_id": null,
   "source_type": "evtx",
   "src_ip": "23.94.153.202",
   "src_port": 59639,
   "tags": [],
   "ts": "2016-06-29T15:24:34.345999+00:00",
   "ts_original": "2016-06-29 15:24:34.345999+00:00",
   "user": null
  },
  {
   "action": null,
   "cmdline": null,
   "dst_ip": null,
   "dst_port": null,
   "event_category": null,
   "event_code": "4611",
   "file_hash": null,
   "file_path": null,
   "host": "temporal",
   "id": "4ee12eb9-eaaa-5314-92c4-a0c052b1d82f",
   "message": "Security 4611: SubjectUserSid=S-1-5-18, SubjectUserName=TEMPORAL$, SubjectDomainName=WORKGROUP, SubjectLogonId=0x00000000000003e7",
   "outcome": null,
   "parser_name": "evtx",
   "parser_version": "1.0.0",
   "pid": null,
   "ppid": null,
   "process_name": null,
   "protocol": null,
   "raw": {
    "event_data": {
     "LogonProcessName": "Winlogon",
     "SubjectDomainName": "WORKGROUP",
     "SubjectLogonId": "0x00000000000003e7",
     "SubjectUserName": "TEMPORAL$",
     "SubjectUserSid": "S-1-5-18"
    },
    "record_offset": 6880,
    "system": {
     "channel": "Security",
     "computer": "temporal",
     "event_id": "4611",
     "event_record_i_d": "319457830",
     "execution": {
      "ProcessID": "768",
      "ThreadID": "2764"
     },
     "keywords": "0x8020000000000000",
     "level": "0",
     "opcode": "0",
     "provider": "Microsoft-Windows-Security-Auditing",
     "security_user_id": null,
     "task": "12289",
     "time_created": "2016-06-29 15:24:36.685999+00:00"
    },
    "xml": "<Event xmlns=\"http://schemas.microsoft.com/win/2004/08/events/event\"><System><Provider Name=\"Microsoft-Windows-Security-Auditing\" Guid=\"{54849625-5478-4994-a5ba-3e3b0328c30d}\"></Provider>\n<EventID Qualifiers=\"\">4611</EventID>\n<Version>0</Version>\n<Level>0</Level>\n<Task>12289</Task>\n<Opcode>0</Opcode>\n<Keywords>0x8020000000000000</Keywords>\n<TimeCreated SystemTime=\"2016-06-29 15:24:36.685999+00:00\"></TimeCreated>\n<EventRecordID>319457830</EventRecordID>\n<Correlation ActivityID=\"\" RelatedActivityID=\"\"></Correlation>\n<Execution ProcessID=\"768\" ThreadID=\"2764\"></Execution>\n<Channel>Security</Channel>\n<Computer>temporal</Computer>\n<Security UserID=\"\"></Security>\n</System>\n<EventData><Data Name=\"SubjectUserSid\">S-1-5-18</Data>\n<Data Name=\"SubjectUserName\">TEMPORAL$</Data>\n<Data Name=\"SubjectDomainName\">WORKGROUP</Data>\n<Data Name=\"SubjectLogonId\">0x00000000000003e7</Data>\n<Data Name=\"LogonProcessName\">Winlogon</Data>\n</EventData>\n</Event>\n"
   },
   "registry_key": null,
   "source_file": "security_short_selected.evtx",
   "source_record_id": null,
   "source_type": "evtx",
   "src_ip": null,
   "src_port": null,
   "tags": [],
   "ts": "2016-06-29T15:24:36.685999+00:00",
   "ts_original": "2016-06-29 15:24:36.685999+00:00",
   "user": null
  },
  {
   "action": "credential_validation",
   "cmdline": null,
   "dst_ip": null,
   "dst_port": null,
   "event_category": "authentication",
   "event_code": "4776",
   "file_hash": null,
   "file_path": null,
   "host": "temporal",
   "id": "fe43a237-4a6f-5a0a-9a6c-b66784388ad2",
   "message": "Credential validation for Administrator: failure",
   "outcome": "failure",
   "parser_name": "evtx",
   "parser_version": "1.0.0",
   "pid": null,
   "ppid": null,
   "process_name": null,
   "protocol": null,
   "raw": {
    "event_data": {
     "PackageName": "MICROSOFT_AUTHENTICATION_PACKAGE_V1_0",
     "Status": "0xc000006a",
     "TargetUserName": "Administrator",
     "Workstation": "TEMPORAL"
    },
    "record_offset": 7600,
    "system": {
     "channel": "Security",
     "computer": "temporal",
     "event_id": "4776",
     "event_record_i_d": "319457831",
     "execution": {
      "ProcessID": "768",
      "ThreadID": "2764"
     },
     "keywords": "0x8010000000000000",
     "level": "0",
     "opcode": "0",
     "provider": "Microsoft-Windows-Security-Auditing",
     "security_user_id": null,
     "task": "14336",
     "time_created": "2016-06-29 15:24:36.685999+00:00"
    },
    "xml": "<Event xmlns=\"http://schemas.microsoft.com/win/2004/08/events/event\"><System><Provider Name=\"Microsoft-Windows-Security-Auditing\" Guid=\"{54849625-5478-4994-a5ba-3e3b0328c30d}\"></Provider>\n<EventID Qualifiers=\"\">4776</EventID>\n<Version>0</Version>\n<Level>0</Level>\n<Task>14336</Task>\n<Opcode>0</Opcode>\n<Keywords>0x8010000000000000</Keywords>\n<TimeCreated SystemTime=\"2016-06-29 15:24:36.685999+00:00\"></TimeCreated>\n<EventRecordID>319457831</EventRecordID>\n<Correlation ActivityID=\"\" RelatedActivityID=\"\"></Correlation>\n<Execution ProcessID=\"768\" ThreadID=\"2764\"></Execution>\n<Channel>Security</Channel>\n<Computer>temporal</Computer>\n<Security UserID=\"\"></Security>\n</System>\n<EventData><Data Name=\"PackageName\">MICROSOFT_AUTHENTICATION_PACKAGE_V1_0</Data>\n<Data Name=\"TargetUserName\">Administrator</Data>\n<Data Name=\"Workstation\">TEMPORAL</Data>\n<Data Name=\"Status\">0xc000006a</Data>\n</EventData>\n</Event>\n"
   },
   "registry_key": null,
   "source_file": "security_short_selected.evtx",
   "source_record_id": null,
   "source_type": "evtx",
   "src_ip": null,
   "src_port": null,
   "tags": [],
   "ts": "2016-06-29T15:24:36.685999+00:00",
   "ts_original": "2016-06-29 15:24:36.685999+00:00",
   "user": "Administrator"
  },
  {
   "action": "logon",
   "cmdline": null,
   "dst_ip": null,
   "dst_port": null,
   "event_category": "authentication",
   "event_code": "4625",
   "file_hash": null,
   "file_path": null,
   "host": "temporal",
   "id": "dc24080b-6267-5932-9e07-99046f7d8c71",
   "message": "Failed logon for TEMPORAL\\Administrator from 23.94.153.202 (type 10)",
   "outcome": "failure",
   "parser_name": "evtx",
   "parser_version": "1.0.0",
   "pid": null,
   "ppid": null,
   "process_name": null,
   "protocol": null,
   "raw": {
    "event_data": {
     "AuthenticationPackageName": "Negotiate",
     "FailureReason": "%%2313",
     "IpAddress": "23.94.153.202",
     "IpPort": "60167",
     "KeyLength": "0",
     "LmPackageName": "-",
     "LogonProcessName": "User32 ",
     "LogonType": "10",
     "ProcessId": "0x0000000000000c38",
     "ProcessName": "C:\\Windows\\System32\\winlogon.exe",
     "Status": "0xc000006d",
     "SubStatus": "0xc000006a",
     "SubjectDomainName": "WORKGROUP",
     "SubjectLogonId": "0x00000000000003e7",
     "SubjectUserName": "TEMPORAL$",
     "SubjectUserSid": "S-1-5-18",
     "TargetDomainName": "TEMPORAL",
     "TargetUserName": "Administrator",
     "TargetUserSid": "S-1-0-0",
     "TransmittedServices": "-",
     "WorkstationName": "TEMPORAL"
    },
    "normalized": {
     "failure_reason": "%%2313",
     "logon_type": "10",
     "sub_status": "0xc000006a"
    },
    "record_offset": 8264,
    "system": {
     "channel": "Security",
     "computer": "temporal",
     "event_id": "4625",
     "event_record_i_d": "319457832",
     "execution": {
      "ProcessID": "768",
      "ThreadID": "2764"
     },
     "keywords": "0x8010000000000000",
     "level": "0",
     "opcode": "0",
     "provider": "Microsoft-Windows-Security-Auditing",
     "security_user_id": null,
     "task": "12544",
     "time_created": "2016-06-29 15:24:36.685999+00:00"
    },
    "xml": "<Event xmlns=\"http://schemas.microsoft.com/win/2004/08/events/event\"><System><Provider Name=\"Microsoft-Windows-Security-Auditing\" Guid=\"{54849625-5478-4994-a5ba-3e3b0328c30d}\"></Provider>\n<EventID Qualifiers=\"\">4625</EventID>\n<Version>0</Version>\n<Level>0</Level>\n<Task>12544</Task>\n<Opcode>0</Opcode>\n<Keywords>0x8010000000000000</Keywords>\n<TimeCreated SystemTime=\"2016-06-29 15:24:36.685999+00:00\"></TimeCreated>\n<EventRecordID>319457832</EventRecordID>\n<Correlation ActivityID=\"\" RelatedActivityID=\"\"></Correlation>\n<Execution ProcessID=\"768\" ThreadID=\"2764\"></Execution>\n<Channel>Security</Channel>\n<Computer>temporal</Computer>\n<Security UserID=\"\"></Security>\n</System>\n<EventData><Data Name=\"SubjectUserSid\">S-1-5-18</Data>\n<Data Name=\"SubjectUserName\">TEMPORAL$</Data>\n<Data Name=\"SubjectDomainName\">WORKGROUP</Data>\n<Data Name=\"SubjectLogonId\">0x00000000000003e7</Data>\n<Data Name=\"TargetUserSid\">S-1-0-0</Data>\n<Data Name=\"TargetUserName\">Administrator</Data>\n<Data Name=\"TargetDomainName\">TEMPORAL</Data>\n<Data Name=\"Status\">0xc000006d</Data>\n<Data Name=\"FailureReason\">%%2313</Data>\n<Data Name=\"SubStatus\">0xc000006a</Data>\n<Data Name=\"LogonType\">10</Data>\n<Data Name=\"LogonProcessName\">User32 </Data>\n<Data Name=\"AuthenticationPackageName\">Negotiate</Data>\n<Data Name=\"WorkstationName\">TEMPORAL</Data>\n<Data Name=\"TransmittedServices\">-</Data>\n<Data Name=\"LmPackageName\">-</Data>\n<Data Name=\"KeyLength\">0</Data>\n<Data Name=\"ProcessId\">0x0000000000000c38</Data>\n<Data Name=\"ProcessName\">C:\\Windows\\System32\\winlogon.exe</Data>\n<Data Name=\"IpAddress\">23.94.153.202</Data>\n<Data Name=\"IpPort\">60167</Data>\n</EventData>\n</Event>\n"
   },
   "registry_key": null,
   "source_file": "security_short_selected.evtx",
   "source_record_id": null,
   "source_type": "evtx",
   "src_ip": "23.94.153.202",
   "src_port": 60167,
   "tags": [],
   "ts": "2016-06-29T15:24:36.685999+00:00",
   "ts_original": "2016-06-29 15:24:36.685999+00:00",
   "user": "TEMPORAL\\Administrator"
  },
  {
   "action": "connection",
   "cmdline": null,
   "dst_ip": "169.46.6.101",
   "dst_port": 8,
   "event_category": "network",
   "event_code": "5152",
   "file_hash": null,
   "file_path": "System",
   "host": "temporal",
   "id": "558e05fe-641a-5036-bdee-7a53b9e66c6a",
   "message": "Connection blocked: 169.46.118.42:0 -> 169.46.6.101:8 (icmp)",
   "outcome": "failure",
   "parser_name": "evtx",
   "parser_version": "1.0.0",
   "pid": null,
   "ppid": null,
   "process_name": "System",
   "protocol": "icmp",
   "raw": {
    "event_data": {
     "Application": "System",
     "DestAddress": "169.46.6.101",
     "DestPort": "8",
     "Direction": "%%14592",
     "FilterRTID": "67249",
     "LayerName": "%%14610",
     "LayerRTID": "44",
     "ProcessId": "4",
     "Protocol": "1",
     "SourceAddress": "169.46.118.42",
     "SourcePort": "0"
    },
    "record_offset": 10144,
    "system": {
     "channel": "Security",
     "computer": "temporal",
     "event_id": "5152",
     "event_record_i_d": "319457855",
     "execution": {
      "ProcessID": "4",
      "ThreadID": "80"
     },
     "keywords": "0x8010000000000000",
     "level": "0",
     "opcode": "0",
     "provider": "Microsoft-Windows-Security-Auditing",
     "security_user_id": null,
     "task": "12809",
     "time_created": "2016-06-29 15:24:57.090799+00:00"
    },
    "xml": "<Event xmlns=\"http://schemas.microsoft.com/win/2004/08/events/event\"><System><Provider Name=\"Microsoft-Windows-Security-Auditing\" Guid=\"{54849625-5478-4994-a5ba-3e3b0328c30d}\"></Provider>\n<EventID Qualifiers=\"\">5152</EventID>\n<Version>0</Version>\n<Level>0</Level>\n<Task>12809</Task>\n<Opcode>0</Opcode>\n<Keywords>0x8010000000000000</Keywords>\n<TimeCreated SystemTime=\"2016-06-29 15:24:57.090799+00:00\"></TimeCreated>\n<EventRecordID>319457855</EventRecordID>\n<Correlation ActivityID=\"\" RelatedActivityID=\"\"></Correlation>\n<Execution ProcessID=\"4\" ThreadID=\"80\"></Execution>\n<Channel>Security</Channel>\n<Computer>temporal</Computer>\n<Security UserID=\"\"></Security>\n</System>\n<EventData><Data Name=\"ProcessId\">4</Data>\n<Data Name=\"Application\">System</Data>\n<Data Name=\"Direction\">%%14592</Data>\n<Data Name=\"SourceAddress\">169.46.118.42</Data>\n<Data Name=\"SourcePort\">0</Data>\n<Data Name=\"DestAddress\">169.46.6.101</Data>\n<Data Name=\"DestPort\">8</Data>\n<Data Name=\"Protocol\">1</Data>\n<Data Name=\"FilterRTID\">67249</Data>\n<Data Name=\"LayerName\">%%14610</Data>\n<Data Name=\"LayerRTID\">44</Data>\n</EventData>\n</Event>\n"
   },
   "registry_key": null,
   "source_file": "security_short_selected.evtx",
   "source_record_id": null,
   "source_type": "evtx",
   "src_ip": "169.46.118.42",
   "src_port": 0,
   "tags": [],
   "ts": "2016-06-29T15:24:57.090799+00:00",
   "ts_original": "2016-06-29 15:24:57.090799+00:00",
   "user": null
  },
  {
   "action": "connection",
   "cmdline": null,
   "dst_ip": "169.46.118.42",
   "dst_port": 0,
   "event_category": "network",
   "event_code": "5157",
   "file_hash": null,
   "file_path": "System",
   "host": "temporal",
   "id": "31330559-32dc-57c4-ba38-5fc8862b6792",
   "message": "Connection blocked: 169.46.6.101:8 -> 169.46.118.42:0 (icmp)",
   "outcome": "failure",
   "parser_name": "evtx",
   "parser_version": "1.0.0",
   "pid": null,
   "ppid": null,
   "process_name": "System",
   "protocol": "icmp",
   "raw": {
    "event_data": {
     "Application": "System",
     "DestAddress": "169.46.118.42",
     "DestPort": "0",
     "Direction": "%%14592",
     "FilterRTID": "67249",
     "LayerName": "%%14610",
     "LayerRTID": "44",
     "ProcessID": "4",
     "Protocol": "1",
     "RemoteMachineID": "S-1-0-0",
     "RemoteUserID": "S-1-0-0",
     "SourceAddress": "169.46.6.101",
     "SourcePort": "8"
    },
    "record_offset": 10592,
    "system": {
     "channel": "Security",
     "computer": "temporal",
     "event_id": "5157",
     "event_record_i_d": "319457856",
     "execution": {
      "ProcessID": "4",
      "ThreadID": "80"
     },
     "keywords": "0x8010000000000000",
     "level": "0",
     "opcode": "0",
     "provider": "Microsoft-Windows-Security-Auditing",
     "security_user_id": null,
     "task": "12810",
     "time_created": "2016-06-29 15:24:57.090799+00:00"
    },
    "xml": "<Event xmlns=\"http://schemas.microsoft.com/win/2004/08/events/event\"><System><Provider Name=\"Microsoft-Windows-Security-Auditing\" Guid=\"{54849625-5478-4994-a5ba-3e3b0328c30d}\"></Provider>\n<EventID Qualifiers=\"\">5157</EventID>\n<Version>1</Version>\n<Level>0</Level>\n<Task>12810</Task>\n<Opcode>0</Opcode>\n<Keywords>0x8010000000000000</Keywords>\n<TimeCreated SystemTime=\"2016-06-29 15:24:57.090799+00:00\"></TimeCreated>\n<EventRecordID>319457856</EventRecordID>\n<Correlation ActivityID=\"\" RelatedActivityID=\"\"></Correlation>\n<Execution ProcessID=\"4\" ThreadID=\"80\"></Execution>\n<Channel>Security</Channel>\n<Computer>temporal</Computer>\n<Security UserID=\"\"></Security>\n</System>\n<EventData><Data Name=\"ProcessID\">4</Data>\n<Data Name=\"Application\">System</Data>\n<Data Name=\"Direction\">%%14592</Data>\n<Data Name=\"SourceAddress\">169.46.6.101</Data>\n<Data Name=\"SourcePort\">8</Data>\n<Data Name=\"DestAddress\">169.46.118.42</Data>\n<Data Name=\"DestPort\">0</Data>\n<Data Name=\"Protocol\">1</Data>\n<Data Name=\"FilterRTID\">67249</Data>\n<Data Name=\"LayerName\">%%14610</Data>\n<Data Name=\"LayerRTID\">44</Data>\n<Data Name=\"RemoteUserID\">S-1-0-0</Data>\n<Data Name=\"RemoteMachineID\">S-1-0-0</Data>\n</EventData>\n</Event>\n"
   },
   "registry_key": null,
   "source_file": "security_short_selected.evtx",
   "source_record_id": null,
   "source_type": "evtx",
   "src_ip": "169.46.6.101",
   "src_port": 8,
   "tags": [],
   "ts": "2016-06-29T15:24:57.090799+00:00",
   "ts_original": "2016-06-29 15:24:57.090799+00:00",
   "user": null
  },
  {
   "action": null,
   "cmdline": null,
   "dst_ip": null,
   "dst_port": null,
   "event_category": null,
   "event_code": "4673",
   "file_hash": null,
   "file_path": null,
   "host": "temporal",
   "id": "d257e902-2422-5d93-ad0e-e5ae4dd9e862",
   "message": "Security 4673: SubjectUserSid=S-1-5-18, SubjectUserName=TEMPORAL$, SubjectDomainName=WORKGROUP, SubjectLogonId=0x00000000000003e7",
   "outcome": null,
   "parser_name": "evtx",
   "parser_version": "1.0.0",
   "pid": null,
   "ppid": null,
   "process_name": null,
   "protocol": null,
   "raw": {
    "event_data": {
     "ObjectServer": "Security Account Manager",
     "PrivilegeList": "SeTcbPrivilege",
     "ProcessId": "0x0000000000000300",
     "ProcessName": "C:\\Windows\\System32\\lsass.exe",
     "Service": "Security Account Manager",
     "SubjectDomainName": "WORKGROUP",
     "SubjectLogonId": "0x00000000000003e7",
     "SubjectUserName": "TEMPORAL$",
     "SubjectUserSid": "S-1-5-18"
    },
    "record_offset": 11776,
    "system": {
     "channel": "Security",
     "computer": "temporal",
     "event_id": "4673",
     "event_record_i_d": "319457858",
     "execution": {
      "ProcessID": "768",
      "ThreadID": "784"
     },
     "keywords": "0x8010000000000000",
     "level": "0",
     "opcode": "0",
     "provider": "Microsoft-Windows-Security-Auditing",
     "security_user_id": null,
     "task": "13056",
     "time_created": "2016-06-29 15:25:08.821999+00:00"
    },
    "xml": "<Event xmlns=\"http://schemas.microsoft.com/win/2004/08/events/event\"><System><Provider Name=\"Microsoft-Windows-Security-Auditing\" Guid=\"{54849625-5478-4994-a5ba-3e3b0328c30d}\"></Provider>\n<EventID Qualifiers=\"\">4673</EventID>\n<Version>0</Version>\n<Level>0</Level>\n<Task>13056</Task>\n<Opcode>0</Opcode>\n<Keywords>0x8010000000000000</Keywords>\n<TimeCreated SystemTime=\"2016-06-29 15:25:08.821999+00:00\"></TimeCreated>\n<EventRecordID>319457858</EventRecordID>\n<Correlation ActivityID=\"\" RelatedActivityID=\"\"></Correlation>\n<Execution ProcessID=\"768\" ThreadID=\"784\"></Execution>\n<Channel>Security</Channel>\n<Computer>temporal</Computer>\n<Security UserID=\"\"></Security>\n</System>\n<EventData><Data Name=\"SubjectUserSid\">S-1-5-18</Data>\n<Data Name=\"SubjectUserName\">TEMPORAL$</Data>\n<Data Name=\"SubjectDomainName\">WORKGROUP</Data>\n<Data Name=\"SubjectLogonId\">0x00000000000003e7</Data>\n<Data Name=\"ObjectServer\">Security Account Manager</Data>\n<Data Name=\"Service\">Security Account Manager</Data>\n<Data Name=\"PrivilegeList\">SeTcbPrivilege</Data>\n<Data Name=\"ProcessId\">0x0000000000000300</Data>\n<Data Name=\"ProcessName\">C:\\Windows\\System32\\lsass.exe</Data>\n</EventData>\n</Event>\n"
   },
   "registry_key": null,
   "source_file": "security_short_selected.evtx",
   "source_record_id": null,
   "source_type": "evtx",
   "src_ip": null,
   "src_port": null,
   "tags": [],
   "ts": "2016-06-29T15:25:08.821999+00:00",
   "ts_original": "2016-06-29 15:25:08.821999+00:00",
   "user": null
  }
 ],
 "parser": "evtx",
 "parser_version": "1.0.0",
 "warnings": {}
}
