{
 "assumptions": {
  "chunks_declared": 1,
  "chunks_present": 1,
  "dirty": false,
  "timezone": "UTC (EVTX SystemTime is UTC)"
 },
 "counts": {
  "errors": 0,
  "events_emitted": 4,
  "records_read": 4,
  "skipped": 0
 },
 "error_samples": [],
 "events": [
  {
   "action": "group_member_add",
   "cmdline": null,
   "dst_ip": null,
   "dst_port": null,
   "event_category": "iam",
   "event_code": "4728",
   "file_hash": null,
   "file_path": null,
   "host": "IE8Win7",
   "id": "366243c0-bd38-5ac0-bc08-856fe45fa840",
   "message": "S-1-5-21-3463664321-2923530833-3546627382-1000 added to group IE8Win7\\None by WORKGROUP\\WIN-QALA5Q3KJ43$",
   "outcome": "success",
   "parser_name": "evtx",
   "parser_version": "1.0.0",
   "pid": null,
   "ppid": null,
   "process_name": null,
   "protocol": null,
   "raw": {
    "event_data": {
     "MemberName": "-",
     "MemberSid": "S-1-5-21-3463664321-2923530833-3546627382-1000",
     "PrivilegeList": "-",
     "SubjectDomainName": "WORKGROUP",
     "SubjectLogonId": "0x00000000000003e7",
     "SubjectUserName": "WIN-QALA5Q3KJ43$",
     "SubjectUserSid": "S-1-5-18",
     "TargetDomainName": "IE8Win7",
     "TargetSid": "S-1-5-21-3463664321-2923530833-3546627382-513",
     "TargetUserName": "None"
    },
    "normalized": {
     "group": "IE8Win7\\None",
     "target_user": "S-1-5-21-3463664321-2923530833-3546627382-1000"
    },
    "record_offset": 4608,
    "system": {
     "channel": "Security",
     "computer": "IE8Win7",
     "event_id": "4728",
     "event_record_i_d": "111",
     "execution": {
      "ProcessID": "508",
      "ThreadID": "1032"
     },
     "keywords": "0x8020000000000000",
     "level": "0",
     "opcode": "0",
     "provider": "Microsoft-Windows-Security-Auditing",
     "security_user_id": null,
     "task": "13826",
     "time_created": "2013-10-23 16:22:39.973499+00:00"
    },
    "xml": "<Event xmlns=\"http://schemas.microsoft.com/win/2004/08/events/event\"><System><Provider Name=\"Microsoft-Windows-Security-Auditing\" Guid=\"{54849625-5478-4994-a5ba-3e3b0328c30d}\"></Provider>\n<EventID Qualifiers=\"\">4728</EventID>\n<Version>0</Version>\n<Level>0</Level>\n<Task>13826</Task>\n<Opcode>0</Opcode>\n<Keywords>0x8020000000000000</Keywords>\n<TimeCreated SystemTime=\"2013-10-23 16:22:39.973499+00:00\"></TimeCreated>\n<EventRecordID>111</EventRecordID>\n<Correlation ActivityID=\"\" RelatedActivityID=\"\"></Correlation>\n<Execution ProcessID=\"508\" ThreadID=\"1032\"></Execution>\n<Channel>Security</Channel>\n<Computer>IE8Win7</Computer>\n<Security UserID=\"\"></Security>\n</System>\n<EventData><Data Name=\"MemberName\">-</Data>\n<Data Name=\"MemberSid\">S-1-5-21-3463664321-2923530833-3546627382-1000</Data>\n<Data Name=\"TargetUserName\">None</Data>\n<Data Name=\"TargetDomainName\">IE8Win7</Data>\n<Data Name=\"TargetSid\">S-1-5-21-3463664321-2923530833-3546627382-513</Data>\n<Data Name=\"SubjectUserSid\">S-1-5-18</Data>\n<Data Name=\"SubjectUserName\">WIN-QALA5Q3KJ43$</Data>\n<Data Name=\"SubjectDomainName\">WORKGROUP</Data>\n<Data Name=\"SubjectLogonId\">0x00000000000003e7</Data>\n<Data Name=\"PrivilegeList\">-</Data>\n</EventData>\n</Event>\n"
   },
   "registry_key": null,
   "source_file": "new_user_security.evtx",
   "source_record_id": null,
   "source_type": "evtx",
   "src_ip": null,
   "src_port": null,
   "tags": [],
   "ts": "2013-10-23T16:22:39.973499+00:00",
   "ts_original": "2013-10-23 16:22:39.973499+00:00",
   "user": "WORKGROUP\\WIN-QALA5Q3KJ43$"
  },
  {
   "action": "user_create",
   "cmdline": null,
   "dst_ip": null,
   "dst_port": null,
   "event_category": "iam",
   "event_code": "4720",
   "file_hash": null,
   "file_path": null,
   "host": "IE8Win7",
   "id": "07b190cb-a635-5854-b753-d25c9d13dc7c",
   "message": "Account user create: IE8Win7\\IEUser by WORKGROUP\\WIN-QALA5Q3KJ43$",
   "outcome": "success",
   "parser_name": "evtx",
   "parser_version": "1.0.0",
   "pid": null,
   "ppid": null,
   "process_name": null,
   "protocol": null,
   "raw": {
    "event_data": {
     "AccountExpires": "%%1794",
     "AllowedToDelegateTo": "-",
     "DisplayName": "%%1793",
     "HomeDirectory": "%%1793",
     "HomePath": "%%1793",
     "LogonHours": "%%1797",
     "NewUacValue": "0x15",
     "OldUacValue": "0x0",
     "PasswordLastSet": "%%1794",
     "PrimaryGroupId": "513",
     "PrivilegeList": "-",
     "ProfilePath": "%%1793",
     "SamAccountName": "IEUser",
     "ScriptPath": "%%1793",
     "SidHistory": "-",
     "SubjectDomainName": "WORKGROUP",
     "SubjectLogonId": "0x00000000000003e7",
     "SubjectUserName": "WIN-QALA5Q3KJ43$",
     "SubjectUserSid": "S-1-5-18",
     "TargetDomainName": "IE8Win7",
     "TargetSid": "S-1-5-21-3463664321-2923530833-3546627382-1000",
     "TargetUserName": "IEUser",
     "UserAccountControl": "\n\t\t%%2080\n\t\t%%2082\n\t\t%%2084",
     "UserParameters": "%%1793",
     "UserPrincipalName": "-",
     "UserWorkstations": "%%1793"
    },
    "normalized": {
     "target_user": "IE8Win7\\IEUser"
    },
    "record_offset": 6912,
    "system": {
     "channel": "Security",
     "computer": "IE8Win7",
     "event_id": "4720",
     "event_record_i_d": "112",
     "execution": {
      "ProcessID": "508",
      "ThreadID": "1032"
     },
     "keywords": "0x8020000000000000",
     "level": "0",
     "opcode": "0",
     "provider": "Microsoft-Windows-Security-Auditing",
     "security_user_id": null,
     "task": "13824",
     "time_created": "2013-10-23 16:22:39.973499+00:00"
    },
    "xml": "<Event xmlns=\"http://schemas.microsoft.com/win/2004/08/events/event\"><System><Provider Name=\"Microsoft-Windows-Security-Auditing\" Guid=\"{54849625-5478-4994-a5ba-3e3b0328c30d}\"></Provider>\n<EventID Qualifiers=\"\">4720</EventID>\n<Version>0</Version>\n<Level>0</Level>\n<Task>13824</Task>\n<Opcode>0</Opcode>\n<Keywords>0x8020000000000000</Keywords>\n<TimeCreated SystemTime=\"2013-10-23 16:22:39.973499+00:00\"></TimeCreated>\n<EventRecordID>112</EventRecordID>\n<Correlation ActivityID=\"\" RelatedActivityID=\"\"></Correlation>\n<Execution ProcessID=\"508\" ThreadID=\"1032\"></Execution>\n<Channel>Security</Channel>\n<Computer>IE8Win7</Computer>\n<Security UserID=\"\"></Security>\n</System>\n<EventData><Data Name=\"TargetUserName\">IEUser</Data>\n<Data Name=\"TargetDomainName\">IE8Win7</Data>\n<Data Name=\"TargetSid\">S-1-5-21-3463664321-2923530833-3546627382-1000</Data>\n<Data Name=\"SubjectUserSid\">S-1-5-18</Data>\n<Data Name=\"SubjectUserName\">WIN-QALA5Q3KJ43$</Data>\n<Data Name=\"SubjectDomainName\">WORKGROUP</Data>\n<Data Name=\"SubjectLogonId\">0x00000000000003e7</Data>\n<Data Name=\"PrivilegeList\">-</Data>\n<Data Name=\"SamAccountName\">IEUser</Data>\n<Data Name=\"DisplayName\">%%1793</Data>\n<Data Name=\"UserPrincipalName\">-</Data>\n<Data Name=\"HomeDirectory\">%%1793</Data>\n<Data Name=\"HomePath\">%%1793</Data>\n<Data Name=\"ScriptPath\">%%1793</Data>\n<Data Name=\"ProfilePath\">%%1793</Data>\n<Data Name=\"UserWorkstations\">%%1793</Data>\n<Data Name=\"PasswordLastSet\">%%1794</Data>\n<Data Name=\"AccountExpires\">%%1794</Data>\n<Data Name=\"PrimaryGroupId\">513</Data>\n<Data Name=\"AllowedToDelegateTo\">-</Data>\n<Data Name=\"OldUacValue\">0x0</Data>\n<Data Name=\"NewUacValue\">0x15</Data>\n<Data Name=\"UserAccountControl\">\r\n\t\t%%2080\r\n\t\t%%2082\r\n\t\t%%2084</Data>\n<Data Name=\"UserParameters\">%%1793</Data>\n<Data Name=\"SidHistory\">-</Data>\n<Data Name=\"LogonHours\">%%1797</Data>\n</EventData>\n</Event>\n"
   },
   "registry_key": null,
   "source_file": "new_user_security.evtx",
   "source_record_id": null,
   "source_type": "evtx",
   "src_ip": null,
   "src_port": null,
   "tags": [],
   "ts": "2013-10-23T16:22:39.973499+00:00",
   "ts_original": "2013-10-23 16:22:39.973499+00:00",
   "user": "WORKGROUP\\WIN-QALA5Q3KJ43$"
  },
  {
   "action": "group_member_add",
   "cmdline": null,
   "dst_ip": null,
   "dst_port": null,
   "event_category": "iam",
   "event_code": "4732",
   "file_hash": null,
   "file_path": null,
   "host": "IE8Win7",
   "id": "8b410aac-e166-5975-9842-59afc774bcbd",
   "message": "S-1-5-21-3463664321-2923530833-3546627382-1000 added to group Builtin\\Users by WORKGROUP\\WIN-QALA5Q3KJ43$",
   "outcome": "success",
   "parser_name": "evtx",
   "parser_version": "1.0.0",
   "pid": null,
   "ppid": null,
   "process_name": null,
   "protocol": null,
   "raw": {
    "event_data": {
     "MemberName": "-",
     "MemberSid": "S-1-5-21-3463664321-2923530833-3546627382-1000",
     "PrivilegeList": "-",
     "SubjectDomainName": "WORKGROUP",
     "SubjectLogonId": "0x00000000000003e7",
     "SubjectUserName": "WIN-QALA5Q3KJ43$",
     "SubjectUserSid": "S-1-5-18",
     "TargetDomainName": "Builtin",
     "TargetSid": "S-1-5-32-545",
     "TargetUserName": "Users"
    },
    "normalized": {
     "group": "Builtin\\Users",
     "target_user": "S-1-5-21-3463664321-2923530833-3546627382-1000"
    },
    "record_offset": 9160,
    "system": {
     "channel": "Security",
     "computer": "IE8Win7",
     "event_id": "4732",
     "event_record_i_d": "113",
     "execution": {
      "ProcessID": "508",
      "ThreadID": "1032"
     },
     "keywords": "0x8020000000000000",
     "level": "0",
     "opcode": "0",
     "provider": "Microsoft-Windows-Security-Auditing",
     "security_user_id": null,
     "task": "13826",
     "time_created": "2013-10-23 16:22:39.973499+00:00"
    },
    "xml": "<Event xmlns=\"http://schemas.microsoft.com/win/2004/08/events/event\"><System><Provider Name=\"Microsoft-Windows-Security-Auditing\" Guid=\"{54849625-5478-4994-a5ba-3e3b0328c30d}\"></Provider>\n<EventID Qualifiers=\"\">4732</EventID>\n<Version>0</Version>\n<Level>0</Level>\n<Task>13826</Task>\n<Opcode>0</Opcode>\n<Keywords>0x8020000000000000</Keywords>\n<TimeCreated SystemTime=\"2013-10-23 16:22:39.973499+00:00\"></TimeCreated>\n<EventRecordID>113</EventRecordID>\n<Correlation ActivityID=\"\" RelatedActivityID=\"\"></Correlation>\n<Execution ProcessID=\"508\" ThreadID=\"1032\"></Execution>\n<Channel>Security</Channel>\n<Computer>IE8Win7</Computer>\n<Security UserID=\"\"></Security>\n</System>\n<EventData><Data Name=\"MemberName\">-</Data>\n<Data Name=\"MemberSid\">S-1-5-21-3463664321-2923530833-3546627382-1000</Data>\n<Data Name=\"TargetUserName\">Users</Data>\n<Data Name=\"TargetDomainName\">Builtin</Data>\n<Data Name=\"TargetSid\">S-1-5-32-545</Data>\n<Data Name=\"SubjectUserSid\">S-1-5-18</Data>\n<Data Name=\"SubjectUserName\">WIN-QALA5Q3KJ43$</Data>\n<Data Name=\"SubjectDomainName\">WORKGROUP</Data>\n<Data Name=\"SubjectLogonId\">0x00000000000003e7</Data>\n<Data Name=\"PrivilegeList\">-</Data>\n</EventData>\n</Event>\n"
   },
   "registry_key": null,
   "source_file": "new_user_security.evtx",
   "source_record_id": null,
   "source_type": "evtx",
   "src_ip": null,
   "src_port": null,
   "tags": [],
   "ts": "2013-10-23T16:22:39.973499+00:00",
   "ts_original": "2013-10-23 16:22:39.973499+00:00",
   "user": "WORKGROUP\\WIN-QALA5Q3KJ43$"
  },
  {
   "action": "group_member_add",
   "cmdline": null,
   "dst_ip": null,
   "dst_port": null,
   "event_category": "iam",
   "event_code": "4732",
   "file_hash": null,
   "file_path": null,
   "host": "IE8Win7",
   "id": "98ce0d45-cca6-56df-acff-037411db0c2a",
   "message": "S-1-5-21-3463664321-2923530833-3546627382-1000 added to group Builtin\\Administrators by WORKGROUP\\WIN-QALA5Q3KJ43$",
   "outcome": "success",
   "parser_name": "evtx",
   "parser_version": "1.0.0",
   "pid": null,
   "ppid": null,
   "process_name": null,
   "protocol": null,
   "raw": {
    "event_data": {
     "MemberName": "-",
     "MemberSid": "S-1-5-21-3463664321-2923530833-3546627382-1000",
     "PrivilegeList": "-",
     "SubjectDomainName": "WORKGROUP",
     "SubjectLogonId": "0x00000000000003e7",
     "SubjectUserName": "WIN-QALA5Q3KJ43$",
     "SubjectUserSid": "S-1-5-18",
     "TargetDomainName": "Builtin",
     "TargetSid": "S-1-5-32-544",
     "TargetUserName": "Administrators"
    },
    "normalized": {
     "group": "Builtin\\Administrators",
     "target_user": "S-1-5-21-3463664321-2923530833-3546627382-1000"
    },
    "record_offset": 9624,
    "system": {
     "channel": "Security",
     "computer": "IE8Win7",
     "event_id": "4732",
     "event_record_i_d": "116",
     "execution": {
      "ProcessID": "508",
      "ThreadID": "1032"
     },
     "keywords": "0x8020000000000000",
     "level": "0",
     "opcode": "0",
     "provider": "Microsoft-Windows-Security-Auditing",
     "security_user_id": null,
     "task": "13826",
     "time_created": "2013-10-23 16:22:40.004749+00:00"
    },
    "xml": "<Event xmlns=\"http://schemas.microsoft.com/win/2004/08/events/event\"><System><Provider Name=\"Microsoft-Windows-Security-Auditing\" Guid=\"{54849625-5478-4994-a5ba-3e3b0328c30d}\"></Provider>\n<EventID Qualifiers=\"\">4732</EventID>\n<Version>0</Version>\n<Level>0</Level>\n<Task>13826</Task>\n<Opcode>0</Opcode>\n<Keywords>0x8020000000000000</Keywords>\n<TimeCreated SystemTime=\"2013-10-23 16:22:40.004749+00:00\"></TimeCreated>\n<EventRecordID>116</EventRecordID>\n<Correlation ActivityID=\"\" RelatedActivityID=\"\"></Correlation>\n<Execution ProcessID=\"508\" ThreadID=\"1032\"></Execution>\n<Channel>Security</Channel>\n<Computer>IE8Win7</Computer>\n<Security UserID=\"\"></Security>\n</System>\n<EventData><Data Name=\"MemberName\">-</Data>\n<Data Name=\"MemberSid\">S-1-5-21-3463664321-2923530833-3546627382-1000</Data>\n<Data Name=\"TargetUserName\">Administrators</Data>\n<Data Name=\"TargetDomainName\">Builtin</Data>\n<Data Name=\"TargetSid\">S-1-5-32-544</Data>\n<Data Name=\"SubjectUserSid\">S-1-5-18</Data>\n<Data Name=\"SubjectUserName\">WIN-QALA5Q3KJ43$</Data>\n<Data Name=\"SubjectDomainName\">WORKGROUP</Data>\n<Data Name=\"SubjectLogonId\">0x00000000000003e7</Data>\n<Data Name=\"PrivilegeList\">-</Data>\n</EventData>\n</Event>\n"
   },
   "registry_key": null,
   "source_file": "new_user_security.evtx",
   "source_record_id": null,
   "source_type": "evtx",
   "src_ip": null,
   "src_port": null,
   "tags": [],
   "ts": "2013-10-23T16:22:40.004749+00:00",
   "ts_original": "2013-10-23 16:22:40.004749+00:00",
   "user": "WORKGROUP\\WIN-QALA5Q3KJ43$"
  }
 ],
 "parser": "evtx",
 "parser_version": "1.0.0",
 "warnings": {}
}
